#
# A fatal error has been detected by the Java Runtime Environment:
#
#  Internal Error (t:/workspace/open/src/hotspot/share/oops/generateOopMap.cpp:2164), pid=21100, tid=15696
#  fatal error: Illegal class file encountered. Try running with -Xverify:all in method main
#
# JRE version: OpenJDK Runtime Environment (11.0+28) (build 11+28)
# Java VM: OpenJDK 64-Bit Server VM (11+28, mixed mode, tiered, compressed oops, g1 gc, windows-amd64)
# No core dump will be written. Minidumps are not enabled by default on client versions of Windows
#
# If you would like to submit a bug report, please visit:
#   http://bugreport.java.com/bugreport/crash.jsp
#

---------------  S U M M A R Y ------------

Command Line: -agentlib:jdwp=transport=dt_socket,suspend=y,address=localhost:63022 -javaagent:C:\java\sts-4.8.0.RELEASE\configuration\org.eclipse.osgi\262\0\.cp\lib\javaagent-shaded.jar -Dfile.encoding=MS949 twoPointer.p1644

Host: Intel(R) Core(TM) i5-8265U CPU @ 1.60GHz, 8 cores, 7G,  Windows 10 , 64 bit Build 19041 (10.0.19041.1151)
Time: Sat Sep  4 14:41:16 2021 대한민국 표준시 elapsed time: 6070 seconds (0d 1h 41m 10s)

---------------  T H R E A D  ---------------

Current thread (0x000001edd06c0000):  VMThread "VM Thread" [stack: 0x0000009a2bb00000,0x0000009a2bc00000] [id=15696]

Stack: [0x0000009a2bb00000,0x0000009a2bc00000]
[error occurred during error reporting (printing stack bounds), id 0xc0000005, EXCEPTION_ACCESS_VIOLATION (0xc0000005) at pc=0x000001edb9720bad]

Native frames: (J=compiled Java code, j=interpreted, Vv=VM code, C=native code)
V  [jvm.dll+0x63adaa]
V  [jvm.dll+0x77852f]
V  [jvm.dll+0x779b18]
V  [jvm.dll+0x77a135]
V  [jvm.dll+0x77a0eb]
V  [jvm.dll+0x63a4a6]
V  [jvm.dll+0x63a878]
C  [ntdll.dll+0xa217f]
C  [ntdll.dll+0x51454]
C  [ntdll.dll+0xa0cae]
C  0x000001edb9720bad

VM_Operation (0x0000009a2c5ff000): GetOrSetLocal, mode: safepoint, requested by thread 0x000001edd1364000


---------------  P R O C E S S  ---------------

Threads class SMR info:
_java_thread_list=0x000001edd14b9ec0, length=13, elements={
0x000001edb13d3000, 0x000001edd06e4000, 0x000001edd06f1800, 0x000001edd0ffa800,
0x000001edd0ffc800, 0x000001edd0ffe000, 0x000001edd100a800, 0x000001edd100e000,
0x000001edd067d000, 0x000001edd1364000, 0x000001edd1365000, 0x000001edd1308000,
0x000001edd144d000
}

Java Threads: ( => current thread )
  0x000001edb13d3000 JavaThread "main" [_thread_blocked, id=8704, stack(0x0000009a2b500000,0x0000009a2b600000)]
  0x000001edd06e4000 JavaThread "Reference Handler" daemon [_thread_blocked, id=21896, stack(0x0000009a2bc00000,0x0000009a2bd00000)]
  0x000001edd06f1800 JavaThread "Finalizer" daemon [_thread_blocked, id=9144, stack(0x0000009a2bd00000,0x0000009a2be00000)]
  0x000001edd0ffa800 JavaThread "Signal Dispatcher" daemon [_thread_blocked, id=11312, stack(0x0000009a2be00000,0x0000009a2bf00000)]
  0x000001edd0ffc800 JavaThread "Attach Listener" daemon [_thread_blocked, id=7968, stack(0x0000009a2bf00000,0x0000009a2c000000)]
  0x000001edd0ffe000 JavaThread "C2 CompilerThread0" daemon [_thread_blocked, id=9484, stack(0x0000009a2c000000,0x0000009a2c100000)]
  0x000001edd100a800 JavaThread "C1 CompilerThread0" daemon [_thread_blocked, id=5724, stack(0x0000009a2c100000,0x0000009a2c200000)]
  0x000001edd100e000 JavaThread "Sweeper thread" daemon [_thread_blocked, id=10176, stack(0x0000009a2c200000,0x0000009a2c300000)]
  0x000001edd067d000 JavaThread "Common-Cleaner" daemon [_thread_blocked, id=21156, stack(0x0000009a2c300000,0x0000009a2c400000)]
  0x000001edd1364000 JavaThread "JDWP Transport Listener: dt_socket" daemon [_thread_blocked, id=18292, stack(0x0000009a2c500000,0x0000009a2c600000)] _threads_hazard_ptr=0x000001edd14b9ec0
  0x000001edd1365000 JavaThread "JDWP Event Helper Thread" daemon [_thread_blocked, id=22608, stack(0x0000009a2c600000,0x0000009a2c700000)]
  0x000001edd1308000 JavaThread "JDWP Command Reader" daemon [_thread_in_native, id=22664, stack(0x0000009a2c700000,0x0000009a2c800000)]
  0x000001edd144d000 JavaThread "Service Thread" daemon [_thread_blocked, id=20676, stack(0x0000009a2c400000,0x0000009a2c500000)]

Other Threads:
=>0x000001edd06c0000 VMThread "VM Thread" [stack: 0x0000009a2bb00000,0x0000009a2bc00000] [id=15696]
  0x000001edd14a9000 WatcherThread [stack: 0x0000009a2c800000,0x0000009a2c900000] [id=10892]
  0x000001edb13eb000 GCTaskThread "GC Thread#0" [stack: 0x0000009a2b600000,0x0000009a2b700000] [id=2728]
  0x000001edb141e000 ConcurrentGCThread "G1 Main Marker" [stack: 0x0000009a2b700000,0x0000009a2b800000] [id=10860]
  0x000001edb1420800 ConcurrentGCThread "G1 Conc#0" [stack: 0x0000009a2b800000,0x0000009a2b900000] [id=23556]
  0x000001edb14bd800 ConcurrentGCThread "G1 Refine#0" [stack: 0x0000009a2b900000,0x0000009a2ba00000] [id=2748]
  0x000001edd052a800 ConcurrentGCThread "G1 Young RemSet Sampling" [stack: 0x0000009a2ba00000,0x0000009a2bb00000] [id=17524]

Threads with active compile tasks:

VM state:at safepoint (normal execution)

VM Mutex/Monitor currently owned by a thread:  ([mutex/lock_event])
[0x000001edb13d1ee0] Threads_lock - owner thread: 0x000001edd06c0000

Heap address: 0x0000000083200000, size: 1998 MB, Compressed Oops mode: 32-bit
Narrow klass base: 0x0000000000000000, Narrow klass shift: 3
Compressed class space size: 1073741824 Address: 0x0000000100000000

Heap:
 garbage-first heap   total 129024K, used 7168K [0x0000000083200000, 0x0000000100000000)
  region size 1024K, 9 young (9216K), 0 survivors (0K)
 Metaspace       used 10055K, capacity 10269K, committed 10496K, reserved 1058816K
  class space    used 884K, capacity 950K, committed 1024K, reserved 1048576K
Heap Regions: E=young(eden), S=young(survivor), O=old, HS=humongous(starts), HC=humongous(continues), CS=collection set, F=free, A=archive, TAMS=top-at-mark-start (previous, next)
|   0|0x0000000083200000, 0x0000000083200000, 0x0000000083300000|  0%| F|  |TAMS 0x0000000083200000, 0x0000000083200000| Untracked 
|   1|0x0000000083300000, 0x0000000083300000, 0x0000000083400000|  0%| F|  |TAMS 0x0000000083300000, 0x0000000083300000| Untracked 
|   2|0x0000000083400000, 0x0000000083400000, 0x0000000083500000|  0%| F|  |TAMS 0x0000000083400000, 0x0000000083400000| Untracked 
|   3|0x0000000083500000, 0x0000000083500000, 0x0000000083600000|  0%| F|  |TAMS 0x0000000083500000, 0x0000000083500000| Untracked 
|   4|0x0000000083600000, 0x0000000083600000, 0x0000000083700000|  0%| F|  |TAMS 0x0000000083600000, 0x0000000083600000| Untracked 
|   5|0x0000000083700000, 0x0000000083700000, 0x0000000083800000|  0%| F|  |TAMS 0x0000000083700000, 0x0000000083700000| Untracked 
|   6|0x0000000083800000, 0x0000000083800000, 0x0000000083900000|  0%| F|  |TAMS 0x0000000083800000, 0x0000000083800000| Untracked 
|   7|0x0000000083900000, 0x0000000083900000, 0x0000000083a00000|  0%| F|  |TAMS 0x0000000083900000, 0x0000000083900000| Untracked 
|   8|0x0000000083a00000, 0x0000000083a00000, 0x0000000083b00000|  0%| F|  |TAMS 0x0000000083a00000, 0x0000000083a00000| Untracked 
|   9|0x0000000083b00000, 0x0000000083b00000, 0x0000000083c00000|  0%| F|  |TAMS 0x0000000083b00000, 0x0000000083b00000| Untracked 
|  10|0x0000000083c00000, 0x0000000083c00000, 0x0000000083d00000|  0%| F|  |TAMS 0x0000000083c00000, 0x0000000083c00000| Untracked 
|  11|0x0000000083d00000, 0x0000000083d00000, 0x0000000083e00000|  0%| F|  |TAMS 0x0000000083d00000, 0x0000000083d00000| Untracked 
|  12|0x0000000083e00000, 0x0000000083e00000, 0x0000000083f00000|  0%| F|  |TAMS 0x0000000083e00000, 0x0000000083e00000| Untracked 
|  13|0x0000000083f00000, 0x0000000083f00000, 0x0000000084000000|  0%| F|  |TAMS 0x0000000083f00000, 0x0000000083f00000| Untracked 
|  14|0x0000000084000000, 0x0000000084000000, 0x0000000084100000|  0%| F|  |TAMS 0x0000000084000000, 0x0000000084000000| Untracked 
|  15|0x0000000084100000, 0x0000000084100000, 0x0000000084200000|  0%| F|  |TAMS 0x0000000084100000, 0x0000000084100000| Untracked 
|  16|0x0000000084200000, 0x0000000084200000, 0x0000000084300000|  0%| F|  |TAMS 0x0000000084200000, 0x0000000084200000| Untracked 
|  17|0x0000000084300000, 0x0000000084300000, 0x0000000084400000|  0%| F|  |TAMS 0x0000000084300000, 0x0000000084300000| Untracked 
|  18|0x0000000084400000, 0x0000000084400000, 0x0000000084500000|  0%| F|  |TAMS 0x0000000084400000, 0x0000000084400000| Untracked 
|  19|0x0000000084500000, 0x0000000084500000, 0x0000000084600000|  0%| F|  |TAMS 0x0000000084500000, 0x0000000084500000| Untracked 
|  20|0x0000000084600000, 0x0000000084600000, 0x0000000084700000|  0%| F|  |TAMS 0x0000000084600000, 0x0000000084600000| Untracked 
|  21|0x0000000084700000, 0x0000000084700000, 0x0000000084800000|  0%| F|  |TAMS 0x0000000084700000, 0x0000000084700000| Untracked 
|  22|0x0000000084800000, 0x0000000084800000, 0x0000000084900000|  0%| F|  |TAMS 0x0000000084800000, 0x0000000084800000| Untracked 
|  23|0x0000000084900000, 0x0000000084900000, 0x0000000084a00000|  0%| F|  |TAMS 0x0000000084900000, 0x0000000084900000| Untracked 
|  24|0x0000000084a00000, 0x0000000084a00000, 0x0000000084b00000|  0%| F|  |TAMS 0x0000000084a00000, 0x0000000084a00000| Untracked 
|  25|0x0000000084b00000, 0x0000000084b00000, 0x0000000084c00000|  0%| F|  |TAMS 0x0000000084b00000, 0x0000000084b00000| Untracked 
|  26|0x0000000084c00000, 0x0000000084c00000, 0x0000000084d00000|  0%| F|  |TAMS 0x0000000084c00000, 0x0000000084c00000| Untracked 
|  27|0x0000000084d00000, 0x0000000084d00000, 0x0000000084e00000|  0%| F|  |TAMS 0x0000000084d00000, 0x0000000084d00000| Untracked 
|  28|0x0000000084e00000, 0x0000000084e00000, 0x0000000084f00000|  0%| F|  |TAMS 0x0000000084e00000, 0x0000000084e00000| Untracked 
|  29|0x0000000084f00000, 0x0000000084f00000, 0x0000000085000000|  0%| F|  |TAMS 0x0000000084f00000, 0x0000000084f00000| Untracked 
|  30|0x0000000085000000, 0x0000000085000000, 0x0000000085100000|  0%| F|  |TAMS 0x0000000085000000, 0x0000000085000000| Untracked 
|  31|0x0000000085100000, 0x0000000085100000, 0x0000000085200000|  0%| F|  |TAMS 0x0000000085100000, 0x0000000085100000| Untracked 
|  32|0x0000000085200000, 0x0000000085200000, 0x0000000085300000|  0%| F|  |TAMS 0x0000000085200000, 0x0000000085200000| Untracked 
|  33|0x0000000085300000, 0x0000000085300000, 0x0000000085400000|  0%| F|  |TAMS 0x0000000085300000, 0x0000000085300000| Untracked 
|  34|0x0000000085400000, 0x0000000085400000, 0x0000000085500000|  0%| F|  |TAMS 0x0000000085400000, 0x0000000085400000| Untracked 
|  35|0x0000000085500000, 0x0000000085500000, 0x0000000085600000|  0%| F|  |TAMS 0x0000000085500000, 0x0000000085500000| Untracked 
|  36|0x0000000085600000, 0x0000000085600000, 0x0000000085700000|  0%| F|  |TAMS 0x0000000085600000, 0x0000000085600000| Untracked 
|  37|0x0000000085700000, 0x0000000085700000, 0x0000000085800000|  0%| F|  |TAMS 0x0000000085700000, 0x0000000085700000| Untracked 
|  38|0x0000000085800000, 0x0000000085800000, 0x0000000085900000|  0%| F|  |TAMS 0x0000000085800000, 0x0000000085800000| Untracked 
|  39|0x0000000085900000, 0x0000000085900000, 0x0000000085a00000|  0%| F|  |TAMS 0x0000000085900000, 0x0000000085900000| Untracked 
|  40|0x0000000085a00000, 0x0000000085a00000, 0x0000000085b00000|  0%| F|  |TAMS 0x0000000085a00000, 0x0000000085a00000| Untracked 
|  41|0x0000000085b00000, 0x0000000085b00000, 0x0000000085c00000|  0%| F|  |TAMS 0x0000000085b00000, 0x0000000085b00000| Untracked 
|  42|0x0000000085c00000, 0x0000000085c00000, 0x0000000085d00000|  0%| F|  |TAMS 0x0000000085c00000, 0x0000000085c00000| Untracked 
|  43|0x0000000085d00000, 0x0000000085d00000, 0x0000000085e00000|  0%| F|  |TAMS 0x0000000085d00000, 0x0000000085d00000| Untracked 
|  44|0x0000000085e00000, 0x0000000085e00000, 0x0000000085f00000|  0%| F|  |TAMS 0x0000000085e00000, 0x0000000085e00000| Untracked 
|  45|0x0000000085f00000, 0x0000000085f00000, 0x0000000086000000|  0%| F|  |TAMS 0x0000000085f00000, 0x0000000085f00000| Untracked 
|  46|0x0000000086000000, 0x0000000086000000, 0x0000000086100000|  0%| F|  |TAMS 0x0000000086000000, 0x0000000086000000| Untracked 
|  47|0x0000000086100000, 0x0000000086100000, 0x0000000086200000|  0%| F|  |TAMS 0x0000000086100000, 0x0000000086100000| Untracked 
|  48|0x0000000086200000, 0x0000000086200000, 0x0000000086300000|  0%| F|  |TAMS 0x0000000086200000, 0x0000000086200000| Untracked 
|  49|0x0000000086300000, 0x0000000086300000, 0x0000000086400000|  0%| F|  |TAMS 0x0000000086300000, 0x0000000086300000| Untracked 
|  50|0x0000000086400000, 0x0000000086400000, 0x0000000086500000|  0%| F|  |TAMS 0x0000000086400000, 0x0000000086400000| Untracked 
|  51|0x0000000086500000, 0x0000000086500000, 0x0000000086600000|  0%| F|  |TAMS 0x0000000086500000, 0x0000000086500000| Untracked 
|  52|0x0000000086600000, 0x0000000086600000, 0x0000000086700000|  0%| F|  |TAMS 0x0000000086600000, 0x0000000086600000| Untracked 
|  53|0x0000000086700000, 0x0000000086700000, 0x0000000086800000|  0%| F|  |TAMS 0x0000000086700000, 0x0000000086700000| Untracked 
|  54|0x0000000086800000, 0x0000000086800000, 0x0000000086900000|  0%| F|  |TAMS 0x0000000086800000, 0x0000000086800000| Untracked 
|  55|0x0000000086900000, 0x0000000086900000, 0x0000000086a00000|  0%| F|  |TAMS 0x0000000086900000, 0x0000000086900000| Untracked 
|  56|0x0000000086a00000, 0x0000000086a00000, 0x0000000086b00000|  0%| F|  |TAMS 0x0000000086a00000, 0x0000000086a00000| Untracked 
|  57|0x0000000086b00000, 0x0000000086b00000, 0x0000000086c00000|  0%| F|  |TAMS 0x0000000086b00000, 0x0000000086b00000| Untracked 
|  58|0x0000000086c00000, 0x0000000086c00000, 0x0000000086d00000|  0%| F|  |TAMS 0x0000000086c00000, 0x0000000086c00000| Untracked 
|  59|0x0000000086d00000, 0x0000000086d00000, 0x0000000086e00000|  0%| F|  |TAMS 0x0000000086d00000, 0x0000000086d00000| Untracked 
|  60|0x0000000086e00000, 0x0000000086e00000, 0x0000000086f00000|  0%| F|  |TAMS 0x0000000086e00000, 0x0000000086e00000| Untracked 
|  61|0x0000000086f00000, 0x0000000086f00000, 0x0000000087000000|  0%| F|  |TAMS 0x0000000086f00000, 0x0000000086f00000| Untracked 
|  62|0x0000000087000000, 0x0000000087000000, 0x0000000087100000|  0%| F|  |TAMS 0x0000000087000000, 0x0000000087000000| Untracked 
|  63|0x0000000087100000, 0x0000000087100000, 0x0000000087200000|  0%| F|  |TAMS 0x0000000087100000, 0x0000000087100000| Untracked 
|  64|0x0000000087200000, 0x0000000087200000, 0x0000000087300000|  0%| F|  |TAMS 0x0000000087200000, 0x0000000087200000| Untracked 
|  65|0x0000000087300000, 0x0000000087300000, 0x0000000087400000|  0%| F|  |TAMS 0x0000000087300000, 0x0000000087300000| Untracked 
|  66|0x0000000087400000, 0x0000000087400000, 0x0000000087500000|  0%| F|  |TAMS 0x0000000087400000, 0x0000000087400000| Untracked 
|  67|0x0000000087500000, 0x0000000087500000, 0x0000000087600000|  0%| F|  |TAMS 0x0000000087500000, 0x0000000087500000| Untracked 
|  68|0x0000000087600000, 0x0000000087600000, 0x0000000087700000|  0%| F|  |TAMS 0x0000000087600000, 0x0000000087600000| Untracked 
|  69|0x0000000087700000, 0x0000000087700000, 0x0000000087800000|  0%| F|  |TAMS 0x0000000087700000, 0x0000000087700000| Untracked 
|  70|0x0000000087800000, 0x0000000087800000, 0x0000000087900000|  0%| F|  |TAMS 0x0000000087800000, 0x0000000087800000| Untracked 
|  71|0x0000000087900000, 0x0000000087900000, 0x0000000087a00000|  0%| F|  |TAMS 0x0000000087900000, 0x0000000087900000| Untracked 
|  72|0x0000000087a00000, 0x0000000087a00000, 0x0000000087b00000|  0%| F|  |TAMS 0x0000000087a00000, 0x0000000087a00000| Untracked 
|  73|0x0000000087b00000, 0x0000000087b00000, 0x0000000087c00000|  0%| F|  |TAMS 0x0000000087b00000, 0x0000000087b00000| Untracked 
|  74|0x0000000087c00000, 0x0000000087c00000, 0x0000000087d00000|  0%| F|  |TAMS 0x0000000087c00000, 0x0000000087c00000| Untracked 
|  75|0x0000000087d00000, 0x0000000087d00000, 0x0000000087e00000|  0%| F|  |TAMS 0x0000000087d00000, 0x0000000087d00000| Untracked 
|  76|0x0000000087e00000, 0x0000000087e00000, 0x0000000087f00000|  0%| F|  |TAMS 0x0000000087e00000, 0x0000000087e00000| Untracked 
|  77|0x0000000087f00000, 0x0000000087f00000, 0x0000000088000000|  0%| F|  |TAMS 0x0000000087f00000, 0x0000000087f00000| Untracked 
|  78|0x0000000088000000, 0x0000000088000000, 0x0000000088100000|  0%| F|  |TAMS 0x0000000088000000, 0x0000000088000000| Untracked 
|  79|0x0000000088100000, 0x0000000088100000, 0x0000000088200000|  0%| F|  |TAMS 0x0000000088100000, 0x0000000088100000| Untracked 
|  80|0x0000000088200000, 0x0000000088200000, 0x0000000088300000|  0%| F|  |TAMS 0x0000000088200000, 0x0000000088200000| Untracked 
|  81|0x0000000088300000, 0x0000000088300000, 0x0000000088400000|  0%| F|  |TAMS 0x0000000088300000, 0x0000000088300000| Untracked 
|  82|0x0000000088400000, 0x0000000088400000, 0x0000000088500000|  0%| F|  |TAMS 0x0000000088400000, 0x0000000088400000| Untracked 
|  83|0x0000000088500000, 0x0000000088500000, 0x0000000088600000|  0%| F|  |TAMS 0x0000000088500000, 0x0000000088500000| Untracked 
|  84|0x0000000088600000, 0x0000000088600000, 0x0000000088700000|  0%| F|  |TAMS 0x0000000088600000, 0x0000000088600000| Untracked 
|  85|0x0000000088700000, 0x0000000088700000, 0x0000000088800000|  0%| F|  |TAMS 0x0000000088700000, 0x0000000088700000| Untracked 
|  86|0x0000000088800000, 0x0000000088800000, 0x0000000088900000|  0%| F|  |TAMS 0x0000000088800000, 0x0000000088800000| Untracked 
|  87|0x0000000088900000, 0x0000000088900000, 0x0000000088a00000|  0%| F|  |TAMS 0x0000000088900000, 0x0000000088900000| Untracked 
|  88|0x0000000088a00000, 0x0000000088a00000, 0x0000000088b00000|  0%| F|  |TAMS 0x0000000088a00000, 0x0000000088a00000| Untracked 
|  89|0x0000000088b00000, 0x0000000088b00000, 0x0000000088c00000|  0%| F|  |TAMS 0x0000000088b00000, 0x0000000088b00000| Untracked 
|  90|0x0000000088c00000, 0x0000000088c00000, 0x0000000088d00000|  0%| F|  |TAMS 0x0000000088c00000, 0x0000000088c00000| Untracked 
|  91|0x0000000088d00000, 0x0000000088d00000, 0x0000000088e00000|  0%| F|  |TAMS 0x0000000088d00000, 0x0000000088d00000| Untracked 
|  92|0x0000000088e00000, 0x0000000088e00000, 0x0000000088f00000|  0%| F|  |TAMS 0x0000000088e00000, 0x0000000088e00000| Untracked 
|  93|0x0000000088f00000, 0x0000000088f00000, 0x0000000089000000|  0%| F|  |TAMS 0x0000000088f00000, 0x0000000088f00000| Untracked 
|  94|0x0000000089000000, 0x0000000089000000, 0x0000000089100000|  0%| F|  |TAMS 0x0000000089000000, 0x0000000089000000| Untracked 
|  95|0x0000000089100000, 0x0000000089100000, 0x0000000089200000|  0%| F|  |TAMS 0x0000000089100000, 0x0000000089100000| Untracked 
|  96|0x0000000089200000, 0x0000000089200000, 0x0000000089300000|  0%| F|  |TAMS 0x0000000089200000, 0x0000000089200000| Untracked 
|  97|0x0000000089300000, 0x0000000089300000, 0x0000000089400000|  0%| F|  |TAMS 0x0000000089300000, 0x0000000089300000| Untracked 
|  98|0x0000000089400000, 0x0000000089400000, 0x0000000089500000|  0%| F|  |TAMS 0x0000000089400000, 0x0000000089400000| Untracked 
|  99|0x0000000089500000, 0x0000000089500000, 0x0000000089600000|  0%| F|  |TAMS 0x0000000089500000, 0x0000000089500000| Untracked 
| 100|0x0000000089600000, 0x0000000089600000, 0x0000000089700000|  0%| F|  |TAMS 0x0000000089600000, 0x0000000089600000| Untracked 
| 101|0x0000000089700000, 0x0000000089700000, 0x0000000089800000|  0%| F|  |TAMS 0x0000000089700000, 0x0000000089700000| Untracked 
| 102|0x0000000089800000, 0x0000000089800000, 0x0000000089900000|  0%| F|  |TAMS 0x0000000089800000, 0x0000000089800000| Untracked 
| 103|0x0000000089900000, 0x0000000089900000, 0x0000000089a00000|  0%| F|  |TAMS 0x0000000089900000, 0x0000000089900000| Untracked 
| 104|0x0000000089a00000, 0x0000000089a00000, 0x0000000089b00000|  0%| F|  |TAMS 0x0000000089a00000, 0x0000000089a00000| Untracked 
| 105|0x0000000089b00000, 0x0000000089b00000, 0x0000000089c00000|  0%| F|  |TAMS 0x0000000089b00000, 0x0000000089b00000| Untracked 
| 106|0x0000000089c00000, 0x0000000089c00000, 0x0000000089d00000|  0%| F|  |TAMS 0x0000000089c00000, 0x0000000089c00000| Untracked 
| 107|0x0000000089d00000, 0x0000000089d00000, 0x0000000089e00000|  0%| F|  |TAMS 0x0000000089d00000, 0x0000000089d00000| Untracked 
| 108|0x0000000089e00000, 0x0000000089e00000, 0x0000000089f00000|  0%| F|  |TAMS 0x0000000089e00000, 0x0000000089e00000| Untracked 
| 109|0x0000000089f00000, 0x0000000089f00000, 0x000000008a000000|  0%| F|  |TAMS 0x0000000089f00000, 0x0000000089f00000| Untracked 
| 110|0x000000008a000000, 0x000000008a000000, 0x000000008a100000|  0%| F|  |TAMS 0x000000008a000000, 0x000000008a000000| Untracked 
| 111|0x000000008a100000, 0x000000008a100000, 0x000000008a200000|  0%| F|  |TAMS 0x000000008a100000, 0x000000008a100000| Untracked 
| 112|0x000000008a200000, 0x000000008a200000, 0x000000008a300000|  0%| F|  |TAMS 0x000000008a200000, 0x000000008a200000| Untracked 
| 113|0x000000008a300000, 0x000000008a300000, 0x000000008a400000|  0%| F|  |TAMS 0x000000008a300000, 0x000000008a300000| Untracked 
| 114|0x000000008a400000, 0x000000008a400000, 0x000000008a500000|  0%| F|  |TAMS 0x000000008a400000, 0x000000008a400000| Untracked 
| 115|0x000000008a500000, 0x000000008a500000, 0x000000008a600000|  0%| F|  |TAMS 0x000000008a500000, 0x000000008a500000| Untracked 
| 116|0x000000008a600000, 0x000000008a600000, 0x000000008a700000|  0%| F|  |TAMS 0x000000008a600000, 0x000000008a600000| Untracked 
| 117|0x000000008a700000, 0x000000008a77b6a8, 0x000000008a800000| 48%| E|  |TAMS 0x000000008a700000, 0x000000008a700000| Complete 
| 118|0x000000008a800000, 0x000000008a900000, 0x000000008a900000|100%| E|CS|TAMS 0x000000008a800000, 0x000000008a800000| Complete 
| 119|0x000000008a900000, 0x000000008aa00000, 0x000000008aa00000|100%| E|CS|TAMS 0x000000008a900000, 0x000000008a900000| Complete 
| 120|0x000000008aa00000, 0x000000008ab00000, 0x000000008ab00000|100%| E|  |TAMS 0x000000008aa00000, 0x000000008aa00000| Complete 
| 121|0x000000008ab00000, 0x000000008ac00000, 0x000000008ac00000|100%| E|CS|TAMS 0x000000008ab00000, 0x000000008ab00000| Complete 
| 122|0x000000008ac00000, 0x000000008ad00000, 0x000000008ad00000|100%| E|CS|TAMS 0x000000008ac00000, 0x000000008ac00000| Complete 
| 123|0x000000008ad00000, 0x000000008ae00000, 0x000000008ae00000|100%| E|CS|TAMS 0x000000008ad00000, 0x000000008ad00000| Complete 
| 124|0x000000008ae00000, 0x000000008af00000, 0x000000008af00000|100%| E|CS|TAMS 0x000000008ae00000, 0x000000008ae00000| Complete 
| 125|0x000000008af00000, 0x000000008b000000, 0x000000008b000000|100%| E|CS|TAMS 0x000000008af00000, 0x000000008af00000| Complete 

Card table byte_map: [0x000001edc9580000,0x000001edc9970000] _byte_map_base: 0x000001edc9167000

Marking Bits (Prev, Next): (CMBitMap*) 0x000001edb1415748, (CMBitMap*) 0x000001edb1415780
 Prev Bits: [0x000001edc9d60000, 0x000001edcbc98000)
 Next Bits: [0x000001edcbca0000, 0x000001edcdbd8000)

Polling page: 0x000001edb14c0000

Metaspace:

Usage:
  Non-class:      9.10 MB capacity,     8.96 MB ( 98%) used,   137.83 KB (  1%) free+waste,     9.63 KB ( <1%) overhead. 
      Class:    950.00 KB capacity,   884.35 KB ( 93%) used,    61.84 KB (  7%) free+waste,     3.81 KB ( <1%) overhead. 
       Both:     10.03 MB capacity,     9.82 MB ( 98%) used,   199.66 KB (  2%) free+waste,    13.44 KB ( <1%) overhead. 

Virtual space:
  Non-class space:       10.00 MB reserved,       9.25 MB ( 93%) committed 
      Class space:        1.00 GB reserved,       1.00 MB ( <1%) committed 
             Both:        1.01 GB reserved,      10.25 MB ( <1%) committed 

Chunk freelists:
   Non-Class:  3.13 KB
       Class:  1.25 KB
        Both:  4.38 KB

CodeHeap 'non-profiled nmethods': size=120000Kb used=162Kb max_used=162Kb free=119837Kb
 bounds [0x000001edc11f0000, 0x000001edc1460000, 0x000001edc8720000]
CodeHeap 'profiled nmethods': size=120000Kb used=613Kb max_used=673Kb free=119386Kb
 bounds [0x000001edb9cc0000, 0x000001edb9f30000, 0x000001edc11f0000]
CodeHeap 'non-nmethods': size=5760Kb used=1155Kb max_used=1170Kb free=4604Kb
 bounds [0x000001edb9720000, 0x000001edb9990000, 0x000001edb9cc0000]
 total_blobs=997 nmethods=444 adapters=293
 compilation: enabled
              stopped_count=0, restarted_count=0
 full_count=0

Compilation events (10 events):
Event: 3643.252 Thread 0x000001edd100a800  487       1       java.net.URL::getRef (5 bytes)
Event: 3643.252 Thread 0x000001edd100a800 nmethod 487 0x000001edc1217d90 code [0x000001edc1217f40, 0x000001edc1218058]
Event: 3741.179 Thread 0x000001edd100a800  488       1       java.net.URL::getAuthority (5 bytes)
Event: 3741.179 Thread 0x000001edd100a800 nmethod 488 0x000001edc1218110 code [0x000001edc12182c0, 0x000001edc12183d8]
Event: 3741.179 Thread 0x000001edd100a800  489       1       java.net.URL::getQuery (5 bytes)
Event: 3741.179 Thread 0x000001edd100a800 nmethod 489 0x000001edc1218490 code [0x000001edc1218640, 0x000001edc1218758]
Event: 4231.668 Thread 0x000001edd100a800  491       3       org.eclipse.jdt.launching.internal.org.objectweb.asm.ByteVector::putByteArray (49 bytes)
Event: 4231.671 Thread 0x000001edd100a800 nmethod 491 0x000001edb9cdb710 code [0x000001edb9cdb8e0, 0x000001edb9cdbc00]
Event: 4231.671 Thread 0x000001edd100a800  490       1       org.eclipse.jdt.launching.internal.org.objectweb.asm.MethodWriter::hasAsmInstructions (5 bytes)
Event: 4231.671 Thread 0x000001edd100a800 nmethod 490 0x000001edc1218810 code [0x000001edc12189c0, 0x000001edc1218ad8]

GC Heap History (0 events):
No events

Deoptimization events (6 events):
Event: 0.760 Thread 0x000001edb13d3000 Uncommon trap: reason=class_check action=maybe_recompile pc=0x000001edc11fe20c method=java.util.HashMap.putVal(ILjava/lang/Object;Ljava/lang/Object;ZZ)Ljava/lang/Object; @ 152 c2
Event: 0.779 Thread 0x000001edb13d3000 Uncommon trap: reason=class_check action=maybe_recompile pc=0x000001edc11fe20c method=java.util.HashMap.putVal(ILjava/lang/Object;Ljava/lang/Object;ZZ)Ljava/lang/Object; @ 152 c2
Event: 0.779 Thread 0x000001edb13d3000 Uncommon trap: reason=class_check action=maybe_recompile pc=0x000001edc11fe20c method=java.util.HashMap.putVal(ILjava/lang/Object;Ljava/lang/Object;ZZ)Ljava/lang/Object; @ 152 c2
Event: 0.779 Thread 0x000001edb13d3000 Uncommon trap: reason=class_check action=maybe_recompile pc=0x000001edc11fe20c method=java.util.HashMap.putVal(ILjava/lang/Object;Ljava/lang/Object;ZZ)Ljava/lang/Object; @ 152 c2
Event: 0.996 Thread 0x000001edb13d3000 Uncommon trap: reason=unstable_if action=reinterpret pc=0x000001edc11f76b8 method=java.lang.String.hashCode()I @ 22 c2
Event: 0.999 Thread 0x000001edb13d3000 Uncommon trap: reason=unstable_if action=reinterpret pc=0x000001edc11fee00 method=java.lang.String.charAt(I)C @ 4 c2

Classes redefined (10 events):
Event: 4246.205 Thread 0x000001edd06c0000 redefined class name=twoPointer.p1644, count=38
Event: 4276.826 Thread 0x000001edd06c0000 redefined class name=twoPointer.p1644, count=39
Event: 4303.894 Thread 0x000001edd06c0000 redefined class name=twoPointer.p1644, count=40
Event: 5504.165 Thread 0x000001edd06c0000 redefined class name=twoPointer.p1644, count=41
Event: 5525.415 Thread 0x000001edd06c0000 redefined class name=twoPointer.p1644, count=42
Event: 5546.490 Thread 0x000001edd06c0000 redefined class name=twoPointer.p1644, count=43
Event: 5787.799 Thread 0x000001edd06c0000 redefined class name=twoPointer.p1644, count=44
Event: 5800.088 Thread 0x000001edd06c0000 redefined class name=twoPointer.p1644, count=45
Event: 5881.834 Thread 0x000001edd06c0000 redefined class name=twoPointer.p1644, count=46
Event: 5887.665 Thread 0x000001edd06c0000 redefined class name=twoPointer.p1644, count=47

Internal exceptions (1 events):
Event: 0.974 Thread 0x000001edb13d3000 Exception <a 'java/lang/NoSuchMethodError'{0x000000008aaa8618}: java.lang.invoke.DirectMethodHandle$Holder.invokeSpecialIFC(Ljava/lang/Object;Ljava/lang/Object;I)I> (0x000000008aaa8618) thrown at [t:/workspace/open/src/hotspot/share/interpreter/linkResolv

Events (10 events):
Event: 6068.659 Executing VM operation: GetCurrentContendedMonitor done
Event: 6068.660 Executing VM operation: GetOwnedMonitorInfo
Event: 6068.660 Executing VM operation: GetOwnedMonitorInfo done
Event: 6069.867 Executing VM operation: GetFrameCount
Event: 6069.867 Executing VM operation: GetFrameCount done
Event: 6069.868 Executing VM operation: GetOwnedMonitorInfo
Event: 6069.868 Executing VM operation: GetOwnedMonitorInfo done
Event: 6069.868 Executing VM operation: GetCurrentContendedMonitor
Event: 6069.868 Executing VM operation: GetCurrentContendedMonitor done
Event: 6070.145 Executing VM operation: GetOrSetLocal


Dynamic libraries:
0x00007ff6e7fd0000 - 0x00007ff6e8015000 	C:\Program Files\Zulu\jdk-11\bin\javaw.exe
0x00007ff82eb70000 - 0x00007ff82ed65000 	C:\WINDOWS\SYSTEM32\ntdll.dll
0x00007ff82d1f0000 - 0x00007ff82d2ad000 	C:\WINDOWS\System32\KERNEL32.DLL
0x00007ff82c850000 - 0x00007ff82cb19000 	C:\WINDOWS\System32\KERNELBASE.dll
0x00007ff82e670000 - 0x00007ff82e810000 	C:\WINDOWS\System32\USER32.dll
0x00007ff82c820000 - 0x00007ff82c842000 	C:\WINDOWS\System32\win32u.dll
0x00007ff82cfe0000 - 0x00007ff82d00a000 	C:\WINDOWS\System32\GDI32.dll
0x00007ff82c390000 - 0x00007ff82c49b000 	C:\WINDOWS\System32\gdi32full.dll
0x00007ff82c750000 - 0x00007ff82c7ed000 	C:\WINDOWS\System32\msvcp_win.dll
0x00007ff82c4a0000 - 0x00007ff82c5a0000 	C:\WINDOWS\System32\ucrtbase.dll
0x00007ff819db0000 - 0x00007ff81a04a000 	C:\WINDOWS\WinSxS\amd64_microsoft.windows.common-controls_6595b64144ccf1df_6.0.19041.1110_none_60b5254171f9507e\COMCTL32.dll
0x00007ff82cbd0000 - 0x00007ff82cc6e000 	C:\WINDOWS\System32\msvcrt.dll
0x00007ff82d310000 - 0x00007ff82d340000 	C:\WINDOWS\System32\IMM32.DLL
0x00007ff827770000 - 0x00007ff827786000 	C:\Program Files\Zulu\jdk-11\bin\vcruntime140.dll
0x00007ff80c710000 - 0x00007ff80c7ba000 	C:\Program Files\Zulu\jdk-11\bin\msvcp140.dll
0x00007fffb6630000 - 0x00007fffb7171000 	C:\Program Files\Zulu\jdk-11\bin\server\jvm.dll
0x00007ff82d480000 - 0x00007ff82d52c000 	C:\WINDOWS\System32\ADVAPI32.dll
0x00007ff82cf40000 - 0x00007ff82cfdb000 	C:\WINDOWS\System32\sechost.dll
0x00007ff82d010000 - 0x00007ff82d13a000 	C:\WINDOWS\System32\RPCRT4.dll
0x00007ff82ce20000 - 0x00007ff82ce28000 	C:\WINDOWS\System32\PSAPI.DLL
0x00007ff814d20000 - 0x00007ff814d47000 	C:\WINDOWS\SYSTEM32\WINMM.dll
0x00007ff8225a0000 - 0x00007ff8225aa000 	C:\WINDOWS\SYSTEM32\VERSION.dll
0x00007ff816370000 - 0x00007ff816379000 	C:\WINDOWS\SYSTEM32\WSOCK32.dll
0x00007ff82e8b0000 - 0x00007ff82e91b000 	C:\WINDOWS\System32\WS2_32.dll
0x00007ff82ab20000 - 0x00007ff82ab32000 	C:\WINDOWS\SYSTEM32\kernel.appcore.dll
0x00007ff827750000 - 0x00007ff827761000 	C:\Program Files\Zulu\jdk-11\bin\verify.dll
0x00007ff82a000000 - 0x00007ff82a1e4000 	C:\WINDOWS\SYSTEM32\DBGHELP.DLL
0x00007ff829630000 - 0x00007ff82965c000 	C:\WINDOWS\SYSTEM32\dbgcore.DLL
0x00007ff82c300000 - 0x00007ff82c383000 	C:\WINDOWS\System32\bcryptPrimitives.dll
0x00007ff823c40000 - 0x00007ff823c68000 	C:\Program Files\Zulu\jdk-11\bin\java.dll
0x00007ff818d90000 - 0x00007ff818dc7000 	C:\Program Files\Zulu\jdk-11\bin\jdwp.dll
0x00007ff80c200000 - 0x00007ff80c22f000 	C:\Program Files\Zulu\jdk-11\bin\instrument.dll
0x00007ff819820000 - 0x00007ff819836000 	C:\Program Files\Zulu\jdk-11\bin\zip.dll
0x00007ff8269a0000 - 0x00007ff8269aa000 	C:\Program Files\Zulu\jdk-11\bin\jimage.dll
0x00007ff82db70000 - 0x00007ff82e2af000 	C:\WINDOWS\System32\SHELL32.dll
0x00007ff82a390000 - 0x00007ff82ab20000 	C:\WINDOWS\SYSTEM32\windows.storage.dll
0x00007ff82e2b0000 - 0x00007ff82e605000 	C:\WINDOWS\System32\combase.dll
0x00007ff82bc10000 - 0x00007ff82bc3c000 	C:\WINDOWS\SYSTEM32\Wldp.dll
0x00007ff82d140000 - 0x00007ff82d1ee000 	C:\WINDOWS\System32\SHCORE.dll
0x00007ff82e610000 - 0x00007ff82e665000 	C:\WINDOWS\System32\shlwapi.dll
0x00007ff82c1e0000 - 0x00007ff82c1ff000 	C:\WINDOWS\SYSTEM32\profapi.dll
0x00007ff823c30000 - 0x00007ff823c3a000 	C:\Program Files\Zulu\jdk-11\bin\dt_socket.dll
0x00007ff82b990000 - 0x00007ff82b9fa000 	C:\WINDOWS\System32\mswsock.dll
0x00007ff82b6c0000 - 0x00007ff82b78c000 	C:\WINDOWS\SYSTEM32\DNSAPI.dll
0x00007ff82b680000 - 0x00007ff82b6bb000 	C:\WINDOWS\SYSTEM32\IPHLPAPI.DLL
0x00007ff82e8a0000 - 0x00007ff82e8a8000 	C:\WINDOWS\System32\NSI.dll
0x00007ff81a8c0000 - 0x00007ff81a93f000 	C:\WINDOWS\System32\fwpuclnt.dll
0x00007ff82c7f0000 - 0x00007ff82c817000 	C:\WINDOWS\System32\bcrypt.dll
0x00007ff81b9b0000 - 0x00007ff81b9ba000 	C:\Windows\System32\rasadhlp.dll
0x00007ff811480000 - 0x00007ff811499000 	C:\Program Files\Zulu\jdk-11\bin\net.dll
0x00007ff827ae0000 - 0x00007ff827be8000 	C:\WINDOWS\SYSTEM32\WINHTTP.dll
0x00007ff811390000 - 0x00007ff8113a3000 	C:\Program Files\Zulu\jdk-11\bin\nio.dll

dbghelp: loaded successfully - version: 4.0.5 - missing functions: none
symbol engine: initialized successfully - sym options: 0x614 - pdb path: .;C:\Program Files\Zulu\jdk-11\bin;C:\WINDOWS\SYSTEM32;C:\WINDOWS\WinSxS\amd64_microsoft.windows.common-controls_6595b64144ccf1df_6.0.19041.1110_none_60b5254171f9507e;C:\Program Files\Zulu\jdk-11\bin\server

VM Arguments:
jvm_args: -agentlib:jdwp=transport=dt_socket,suspend=y,address=localhost:63022 -javaagent:C:\java\sts-4.8.0.RELEASE\configuration\org.eclipse.osgi\262\0\.cp\lib\javaagent-shaded.jar -Dfile.encoding=MS949 
java_command: twoPointer.p1644
java_class_path (initial): C:\pJ\spring_back_deep\baekJun\bin
Launcher Type: SUN_STANDARD

[Global flags]
     intx CICompilerCount                          = 4                                         {product} {ergonomic}
     uint ConcGCThreads                            = 2                                         {product} {ergonomic}
     uint G1ConcRefinementThreads                  = 8                                         {product} {ergonomic}
   size_t G1HeapRegionSize                         = 1048576                                   {product} {ergonomic}
    uintx GCDrainStackTargetSize                   = 64                                        {product} {ergonomic}
   size_t InitialHeapSize                          = 132120576                                 {product} {ergonomic}
   size_t MarkStackSize                            = 4194304                                   {product} {ergonomic}
   size_t MaxHeapSize                              = 2095054848                                {product} {ergonomic}
   size_t MaxNewSize                               = 1256194048                                {product} {ergonomic}
   size_t MinHeapDeltaBytes                        = 1048576                                   {product} {ergonomic}
    uintx NonNMethodCodeHeapSize                   = 5835340                                {pd product} {ergonomic}
    uintx NonProfiledCodeHeapSize                  = 122911450                              {pd product} {ergonomic}
    uintx ProfiledCodeHeapSize                     = 122911450                              {pd product} {ergonomic}
    uintx ReservedCodeCacheSize                    = 251658240                              {pd product} {ergonomic}
     bool SegmentedCodeCache                       = true                                      {product} {ergonomic}
     bool UseCompressedClassPointers               = true                                 {lp64_product} {ergonomic}
     bool UseCompressedOops                        = true                                 {lp64_product} {ergonomic}
     bool UseG1GC                                  = true                                      {product} {ergonomic}
     bool UseLargePagesIndividualAllocation        = false                                  {pd product} {ergonomic}

Logging:
Log output configuration:
 #0: stdout all=warning uptime,level,tags
 #1: stderr all=off uptime,level,tags

Environment Variables:
JAVA_HOME=C:\Program Files\Zulu\zulu-8
PATH=C:/java/sts-4.8.0.RELEASE//plugins/org.eclipse.justj.openjdk.hotspot.jre.full.win32.x86_64_14.0.2.v20200815-0932/jre/bin/server;C:/java/sts-4.8.0.RELEASE//plugins/org.eclipse.justj.openjdk.hotspot.jre.full.win32.x86_64_14.0.2.v20200815-0932/jre/bin;C:\app\ske05\product\11.2.0\dbhome_1\bin;C:\Program Files (x86)\Intel\Intel(R) Management Engine Components\iCLS\;C:\Program Files\Intel\Intel(R) Management Engine Components\iCLS\;C:\WINDOWS\system32;C:\WINDOWS;C:\WINDOWS\System32\Wbem;C:\WINDOWS\System32\WindowsPowerShell\v1.0\;C:\WINDOWS\System32\OpenSSH\;C:\Program Files (x86)\Intel\Intel(R) Management Engine Components\DAL;C:\Program Files\Intel\Intel(R) Management Engine Components\DAL;C:\Program Files\Zulu\jdk-11\bin\;C:\Program Files\Git\cmd;C:\Program Files\Zulu\zulu-8\bin\;C:\Users\ske05\AppData\Local\Programs\Python\Python37\Scripts\;C:\Users\ske05\AppData\Local\Programs\Python\Python37\;C:\Program Files\Java\jdk-13.0.2\bin;C:\Users\ske05\AppData\Local\Microsoft\WindowsApps;;C:\Users\ske05\AppData\Local\Programs\Microsoft VS Code\bin;C:\java\sts-4.8.0.RELEASE;
USERNAME=ske05
OS=Windows_NT
PROCESSOR_IDENTIFIER=Intel64 Family 6 Model 142 Stepping 11, GenuineIntel



---------------  S Y S T E M  ---------------

OS: Windows 10 , 64 bit Build 19041 (10.0.19041.1151)

CPU:total 8 (initial active 8) (4 cores per cpu, 2 threads per core) family 6 model 142 stepping 11, cmov, cx8, fxsr, mmx, sse, sse2, sse3, ssse3, sse4.1, sse4.2, popcnt, avx, avx2, aes, clmul, erms, 3dnowpref, lzcnt, ht, tsc, tscinvbit, bmi1, bmi2, adx, fma

Memory: 4k page, system-wide physical 7986M (1946M free)
TotalPageFile size 16690M (AvailPageFile size 6072M)
current process WorkingSet (physical memory assigned to process): 33M, peak: 49M
current process commit charge ("private bytes"): 209M, peak: 211M

vm_info: OpenJDK 64-Bit Server VM (11+28) for windows-amd64 JRE (11+28), built on Aug 23 2018 03:04:58 by "mach5one" with MS VC++ 15.5 (VS2017)

END.
